<?xml version="1.0" encoding="UTF-8"?>
<!-- Generated by org.testng.reporters.JUnitReportReporter -->
<testsuite hostname="Sourabh" failures="0" tests="1" name="CapstoneProject2.LogoutTest" time="4.405" errors="0" timestamp="2025-10-31T14:34:26 IST" skipped="0">
  <testcase classname="CapstoneProject2.LogoutTest" name="verifyLogout" time="4.405"/>
  <system-out/>
</testsuite> <!-- CapstoneProject2.LogoutTest -->
