<?xml version="1.0" encoding="UTF-8"?>
<!-- Generated by org.testng.reporters.JUnitReportReporter -->
<testsuite hostname="Sourabh" failures="0" tests="2" name="CapstoneProject2.LoginTest" time="9.218" errors="0" timestamp="2025-10-31T14:34:26 IST" skipped="0">
  <testcase classname="CapstoneProject2.LoginTest" name="invalidLoginTest" time="4.185"/>
  <system-out/>
  <testcase classname="CapstoneProject2.LoginTest" name="validLoginTest" time="5.033"/>
  <system-out/>
</testsuite> <!-- CapstoneProject2.LoginTest -->
