<?xml version="1.0" encoding="UTF-8"?>
<!-- Generated by org.testng.reporters.JUnitReportReporter -->
<testsuite hostname="Sourabh" failures="0" tests="4" name="CapstoneProject2.DataDrivenLoginTest" time="16.364" errors="0" timestamp="2025-10-31T14:34:26 IST" skipped="0">
  <testcase classname="CapstoneProject2.DataDrivenLoginTest" name="testMultipleLogin" time="3.902"/>
  <system-out/>
  <testcase classname="CapstoneProject2.DataDrivenLoginTest" name="testMultipleLogin" time="4.247"/>
  <system-out/>
  <testcase classname="CapstoneProject2.DataDrivenLoginTest" name="testMultipleLogin" time="4.213"/>
  <system-out/>
  <testcase classname="CapstoneProject2.DataDrivenLoginTest" name="testMultipleLogin" time="4.002"/>
  <system-out/>
</testsuite> <!-- CapstoneProject2.DataDrivenLoginTest -->
